<?xml version="1.0" encoding="UTF-8"?>
<robot generator="Robot 3.2.1 (Python 3.7.3 on darwin)" generated="20200517 18:04:36.337" rpa="false">
<suite id="s1" name="Gherkin" source="/Users/family/Downloads/Top1-AutomatedFrameworkPython3and2-in2019-Robot/sut/gherkin.robot">
<test id="s1-t1" name="Addition">
<kw name="Given two numbers &quot;3&quot; and &quot;5&quot;">
<kw name="Add Input" library="AdderLibrary">
<arguments>
<arg>${a}</arg>
<arg>${b}</arg>
</arguments>
<status status="PASS" starttime="20200517 18:04:36.455" endtime="20200517 18:04:36.456"></status>
</kw>
<status status="PASS" starttime="20200517 18:04:36.455" endtime="20200517 18:04:36.457"></status>
</kw>
<kw name="Then total of result is &quot;8&quot;">
<kw name="Total" library="AdderLibrary">
<arguments>
<arg>${total}</arg>
</arguments>
<status status="PASS" starttime="20200517 18:04:36.458" endtime="20200517 18:04:36.458"></status>
</kw>
<status status="PASS" starttime="20200517 18:04:36.457" endtime="20200517 18:04:36.458"></status>
</kw>
<status status="PASS" starttime="20200517 18:04:36.453" endtime="20200517 18:04:36.459" critical="yes"></status>
</test>
<doc>Example Gherkin Style Test DK</doc>
<status status="PASS" starttime="20200517 18:04:36.362" endtime="20200517 18:04:36.460"></status>
</suite>
<statistics>
<total>
<stat pass="1" fail="0">Critical Tests</stat>
<stat pass="1" fail="0">All Tests</stat>
</total>
<tag>
</tag>
<suite>
<stat pass="1" fail="0" id="s1" name="Gherkin">Gherkin</stat>
</suite>
</statistics>
<errors>
</errors>
</robot>
